🔍 Logging to: logs\run_20251112_201509.log
🧬 Synthetic Biology Biosensor Design Pipeline
============================================================

🎯 Automated Biomarker Analysis for 1 biomarkers:
   1. None

🚀 Starting automated analysis...
📊 RL Timesteps: 2000000
============================================================

[1/1] 🧬 Processing: None
----------------------------------------
🚀 Biosensor Pipeline initialized
📁 Output directory: sclerostin_biosensor_results_None
🎯 Target metrics: 4 focused metrics
🎯 Starting Complete Biosensor Pipeline
==================================================

📊 STAGE 1: Data Preprocessing & Feature Selection
📊 Loading main dataset: sclerostin_biosensor_dataset.csv
✅ Dataset loaded: (100, 32) (rows, columns)
✅ Available target metrics: ['signal_to_noise_ratio_SNR', 'false_negative_rate', 'time_to_detection_threshold', 'dynamic_range_of_output']
Calculating multi-objective score...
   Multi-objective score calculated: mean=0.5954, std=0.2793
âœ… Multi-objective score calculated and added to dataset
🔄 Starting advanced data preprocessing with proper variable classification...
🧹 Handling missing values...
   Missing values: 0 → 0
🎯 Separating variables by classification...
📋 Modifiable features (RL actions): 9
📋 Fixed features (environment): 4
📋 Output metrics (targets): 4
🔤 Encoding categorical variables...
   Categorical features encoded: 1 → 3 columns
📏 Scaling numerical features...
Feature selection for Sclerostin biosensor...
   Using all 12 available features (no selection)
   - Modifiable: 8
   - Fixed: 4
   Feature selection: 15 → 12 features
✂️ Splitting data...
✅ Advanced preprocessing with proper classification completed!
   Final shape: (100, 12)
   Train/Test: 80/20
   Features: 13 → 12 (0.92)
   Modifiable: 9, Fixed: 4
   Target metrics: 4
📊 Creating distribution plots for 4 target metrics...
💾 Saving plots to: sclerostin_biosensor_results_None\plots\target_metric_plots/
✅ Saved: signal_to_noise_ratio_SNR_distribution.png
✅ Saved: false_negative_rate_distribution.png
✅ Saved: time_to_detection_threshold_distribution.png
✅ Saved: dynamic_range_of_output_distribution.png
🎉 All distribution plots saved to sclerostin_biosensor_results_None\plots\target_metric_plots/
✅ Saved correlation matrix: target_metrics_correlation_matrix.png
✅ Saved summary plot: target_metrics_summary.png

🎭 STAGE 3: Surrogate Modeling
🎭 Training ENHANCED surrogate models for RL...
============================================================
⚠️  Scaled features not found, preparing data...
🔄 Preparing data with scaling and transformation...
🧹 Cleaning data...
   Removing 2 constant features
📊 Analyzing feature distributions...
   Feature skewness (avg): 0.404
   Outlier percentage: 2.38%
   Using StandardScaler for normal distribution
🎯 Processing target variables...

🔍 Processing signal_to_noise_ratio_SNR...
   📈 Transformation results for signal_to_noise_ratio_SNR:
      Box-Cox: Score=11.63, Skew: -0.553→-0.319
      Log1p: Score=10.20, Skew: -0.553→-0.964
      None: Score=10.00, Skew: -0.553→-0.553
   ✅ Selected: Box-Cox
      Using StandardScaler for target

🔍 Processing false_negative_rate...
   Found 1 outliers in false_negative_rate, capping them
   📈 Transformation results for false_negative_rate:
      Box-Cox: Score=33.92, Skew: 0.700→0.007
      RobustScale: Score=10.00, Skew: 0.700→0.700
      Yeo-Johnson: Score=8.69, Skew: 0.700→0.087
   ✅ Selected: Box-Cox
      Using StandardScaler for target

🔍 Processing time_to_detection_threshold...
   ⚠️ Transformation doesn't significantly improve skewness, using original
      Original skew: 0.474, Transformed: 0.812
      Using StandardScaler for target

🔍 Processing dynamic_range_of_output...
   ⚠️ Transformation doesn't significantly improve skewness, using original
      Original skew: 0.225, Transformed: 0.225
      Using RobustScaler for target

✅ Data preparation complete!
   Features scaled: 10
   Targets processed: 4
   Transformations applied: 3
📊 Using scaled feature set for surrogate models
🔧 Applying neural network specific scaling...
📈 Training surrogate models for 4 targets
   Feature shape: (80, 10)
📋 Training order (FNR components first): ['signal_to_noise_ratio_SNR', 'time_to_detection_threshold', 'dynamic_range_of_output', 'false_negative_rate']

🎯 Target 1/4: signal_to_noise_ratio_SNR
--------------------------------------------------
   📊 Regression task detected
      Range: [2.5509, 10.6932]
      Mean: 7.5746, Std: 2.4698
      Skewness: -0.5636
   🔍 Performing enhanced feature selection...
      Selected 7 features from 10
      Top 5 features: ['receptor_binding_affinity_Kd', 'signal_amplification_factor', 'transcriptional_promoter_strength', 'feedback_presence', 'feedback_strength']
   🔄 Training with 5-fold cross-validation using multiple strategies...
      Fold 1/5:       🤖 Ensemble: R² = 0.9621
      🤖 Enhanced: R² = 0.9767
      🌳 XGBoost: R² = 0.9807
      🏆 Best strategy: XGBoost (score: 0.9807)
R²: 0.981
      Fold 2/5:       🤖 Ensemble: R² = 0.9819
      🤖 Enhanced: R² = 0.9836
      🌳 XGBoost: R² = 0.9733
      🏆 Best strategy: Enhanced (score: 0.9836)
R²: 0.984
      Fold 3/5:       🤖 Ensemble: R² = 0.9434
      🤖 Enhanced: R² = 0.9817
      🌳 XGBoost: R² = 0.9032
      🏆 Best strategy: Enhanced (score: 0.9817)
R²: 0.982
      Fold 4/5:       🤖 Ensemble: R² = 0.8807
      🤖 Enhanced: R² = 0.9797
      🌳 XGBoost: R² = 0.8937
      🏆 Best strategy: Enhanced (score: 0.9797)
R²: 0.980
      Fold 5/5:       🤖 Ensemble: R² = 0.9872
      🤖 Enhanced: R² = 0.9434
      🌳 XGBoost: R² = 0.9204
      🏆 Best strategy: Ensemble (score: 0.9872)
R²: 0.987
   📊 CV Results: R²: 0.9826 ± 0.0026
                 MSE: 0.0989 ± 0.0324
   🎯 Training final model with multiple strategies...
      🤖 Ensemble: R² = 0.9770
      🤖 Enhanced: R² = 0.9779
      🌳 XGBoost: R² = 0.9255
      🏆 Best strategy: Enhanced (score: 0.9779)
   ✅ Final Test R²: 0.9779
   ✅ Final Test MSE: 0.0967
   📊 Normalized MSE by variance: 0.0221
   📊 RMSE normalized by std: 0.1488
   📊 RMSE normalized by range: 0.0471
   🌟 EXCELLENT: Test R² ≥ 0.9

🎯 Target 2/4: time_to_detection_threshold
--------------------------------------------------
   📊 Regression task detected
      Range: [18.0905, 63.3166]
      Mean: 46.6960, Std: 15.2485
      Skewness: -0.4836
   🔍 Performing enhanced feature selection...
      Selected 7 features from 10
      Top 5 features: ['receptor_binding_affinity_Kd', 'signal_amplification_factor', 'transcriptional_promoter_strength', 'feedback_presence', 'feedback_strength']
   🔄 Training with 5-fold cross-validation using multiple strategies...
      Fold 1/5:       🤖 Ensemble: R² = 0.9768
      🤖 Enhanced: R² = 0.9767
      🌳 XGBoost: R² = 0.9771
      🏆 Best strategy: XGBoost (score: 0.9771)
R²: 0.977
      Fold 2/5:       🤖 Ensemble: R² = 0.9890
      🤖 Enhanced: R² = 0.9829
      🌳 XGBoost: R² = 0.9809
      🏆 Best strategy: Ensemble (score: 0.9890)
R²: 0.989
      Fold 3/5:       🤖 Ensemble: R² = 0.9726
      🤖 Enhanced: R² = 0.9148
      🌳 XGBoost: R² = 0.9410
      🏆 Best strategy: Ensemble (score: 0.9726)
R²: 0.973
      Fold 4/5:       🤖 Ensemble: R² = 0.9623
      🤖 Enhanced: R² = 0.8848
      🌳 XGBoost: R² = 0.9169
      🏆 Best strategy: Ensemble (score: 0.9623)
R²: 0.962
      Fold 5/5:       🤖 Ensemble: R² = 0.9857
      🤖 Enhanced: R² = 0.9673
      🌳 XGBoost: R² = 0.9418
      🏆 Best strategy: Ensemble (score: 0.9857)
R²: 0.986
   📊 CV Results: R²: 0.9773 ± 0.0095
                 MSE: 4.6478 ± 1.5251
   🎯 Training final model with multiple strategies...
      🤖 Ensemble: R² = 0.9830
      🤖 Enhanced: R² = 0.9628
      🌳 XGBoost: R² = 0.9586
      🏆 Best strategy: Ensemble (score: 0.9830)
   ✅ Final Test R²: 0.9830
   ✅ Final Test MSE: 3.0277
   📊 Normalized MSE by variance: 0.0170
   📊 RMSE normalized by std: 0.1302
   📊 RMSE normalized by range: 0.0453
   🌟 EXCELLENT: Test R² ≥ 0.9

🎯 Target 3/4: dynamic_range_of_output
--------------------------------------------------
   📊 Regression task detected
      Range: [6484.5886, 12985.9949]
      Mean: 10426.9106, Std: 1517.1725
      Skewness: -0.2296
   🔍 Performing enhanced feature selection...
      Selected 5 features from 10
      Top 5 features: ['signal_amplification_factor', 'transcriptional_promoter_strength', 'feedback_presence', 'feedback_strength', 'circuit_cellular_burden']
   🔄 Training with 5-fold cross-validation using multiple strategies...
      Fold 1/5:       🤖 Ensemble: R² = -39.8869
      🤖 Enhanced: R² = -35.2261
      🌳 XGBoost: R² = 0.9671
      🏆 Best strategy: XGBoost (score: 0.9671)
R²: 0.967
      Fold 2/5:       🤖 Ensemble: R² = -71.4299
      🤖 Enhanced: R² = -64.0956
      🌳 XGBoost: R² = 0.9506
      🏆 Best strategy: XGBoost (score: 0.9506)
R²: 0.951
      Fold 3/5:       🤖 Ensemble: R² = -51.3754
      🤖 Enhanced: R² = -43.8031
      🌳 XGBoost: R² = 0.9263
      🏆 Best strategy: XGBoost (score: 0.9263)
R²: 0.926
      Fold 4/5:       🤖 Ensemble: R² = -36.7119
      🤖 Enhanced: R² = -33.3595
      🌳 XGBoost: R² = 0.9898
      🏆 Best strategy: XGBoost (score: 0.9898)
R²: 0.990
      Fold 5/5:       🤖 Ensemble: R² = -46.3128
      🤖 Enhanced: R² = -44.5745
      🌳 XGBoost: R² = 0.9018
      🏆 Best strategy: XGBoost (score: 0.9018)
R²: 0.902
   📊 CV Results: R²: 0.9471 ± 0.0307
                 MSE: 101161.6476 ± 55068.6144
   🎯 Training final model with multiple strategies...
      🤖 Ensemble: R² = -44.1053
      🤖 Enhanced: R² = -42.6294
      🌳 XGBoost: R² = 0.9304
      🏆 Best strategy: XGBoost (score: 0.9304)
   ✅ Final Test R²: 0.9304
   ✅ Final Test MSE: 158245.4620
   📊 Normalized MSE by variance: 0.0696
   📊 RMSE normalized by std: 0.2637
   📊 RMSE normalized by range: 0.0726
   🌟 EXCELLENT: Test R² ≥ 0.9

🎯 Target 4/4: false_negative_rate
--------------------------------------------------
   🎯 IMPROVED FNR HANDLING: Calculating from predicted components
      ✅ Component models available: ['signal_to_noise_ratio_SNR', 'time_to_detection_threshold', 'dynamic_range_of_output']
      Will compute FNR from SNR and TTD predictions
   🔧 Creating physics-based FNR calculator...
      📊 Physics-based FNR Calculator Performance:
         Train R²: -112.7961
         Test R²: -111.1664
         Test MSE: 0.0063
         Test MAE: 0.0790
         Using estimated background noise
      ✅ Physics-based FNR predictor created successfully!
✅ Surrogate configurations saved to: sclerostin_biosensor_results_None\models\surrogate_configs.json

🎉 ENHANCED SURROGATE MODEL TRAINING COMPLETE
============================================================
✅ Successfully trained: 3/4 targets

📊 Regression targets (3):
   signal_to_noise_ratio_SNR: Test R² = 0.9779
      Normalized RMSE/std: 0.1488
   time_to_detection_threshold: Test R² = 0.9830
      Normalized RMSE/std: 0.1302
   dynamic_range_of_output: Test R² = 0.9304
      Normalized RMSE/std: 0.2637
📈 Average Regression R²: 0.9638

💡 RECOMMENDATIONS:
✅ Enhanced surrogate models ready for RL!

🔍 SURROGATE MODEL FIDELITY VALIDATION
============================================================
⭐ signal_to_noise_ratio_SNR: R² = 0.9779 (Outstanding)
⭐ time_to_detection_threshold: R² = 0.9830 (Outstanding)
✅ dynamic_range_of_output: R² = 0.9304 (Acceptable, target 0.95)

✅ All regression surrogates meet minimum R² ≥ 0.90 threshold!

🎮 STAGE 4: Reinforcement Learning
🎮 Setting up RL environment for: ['signal_to_noise_ratio_SNR', 'false_negative_rate', 'time_to_detection_threshold', 'dynamic_range_of_output']
   RL Agent can ONLY modify circuit design parameters!
Calculating modifiable feature bounds...
  receptor_binding_affinity_Kd: [-1.828982, 1.649465]
  signal_amplification_factor: [-1.614461, 1.622749]
  transcriptional_promoter_strength: [-1.811755, 1.462351]
  feedback_presence: [-0.904534, 1.105542]
  feedback_strength: [-0.816692, 1.951756]
  circuit_cellular_burden: [-1.681586, 2.013776]
Calculating fixed feature values...
  sclerostin_concentration: -0.021964 (fixed)
  dkk1_concentration: 0.059121 (fixed)
  local_pH: -0.082868 (fixed)
  mechanical_loading: -0.065722 (fixed)
📊 Calculating data ranges for MOS normalization...
   DEBUG: signal_to_noise_ratio_SNR raw range: [2.550912, 10.693225]
   ✅ signal_to_noise_ratio_SNR: [2.5509, 10.6932]
   DEBUG: dynamic_range_of_output raw range: [6484.588602, 12985.994874]
   ✅ dynamic_range_of_output: [6484.5886, 12985.9949]
   DEBUG: false_negative_rate raw range: [0.011610, 0.049236]
   ✅ false_negative_rate: [0.0116, 0.0492]
   DEBUG: time_to_detection_threshold raw range: [18.090452, 63.316583]
   ✅ time_to_detection_threshold: [18.0905, 63.3166]

🔍 Verifying RL environment setup...
   Requested target_metrics: ['signal_to_noise_ratio_SNR', 'false_negative_rate', 'time_to_detection_threshold', 'dynamic_range_of_output']
   Available surrogate_models: ['signal_to_noise_ratio_SNR', 'time_to_detection_threshold', 'dynamic_range_of_output', 'false_negative_rate']
   Categorical modifiable features: ['feedback_presence']
   Continuous modifiable features: ['receptor_binding_affinity_Kd', 'signal_amplification_factor', 'transcriptional_promoter_strength', 'feedback_strength', 'circuit_cellular_burden']

🔍 Feature Classification Check:
Modifiable features found: 6
Fixed features found: 4
✅ 6 modifiable features configured:
   - receptor_binding_affinity_Kd
   - signal_amplification_factor
   - transcriptional_promoter_strength
   - feedback_presence
   - feedback_strength
   Continuous action space: 6 dimensions
   Action range: [-1.0, 1.0] per feature (representing ±20% change)
   - Continuous features: 5 × 3 = 15
   - Categorical features: 2
Validating surrogate models...
✅ Surrogate model signal_to_noise_ratio_SNR validated (PyTorch)
✅ Surrogate model time_to_detection_threshold validated (PyTorch)
✅ Surrogate model dynamic_range_of_output validated (sklearn)
✅ Surrogate model false_negative_rate validated (sklearn)
✅ Environment initialized with 6 modifiable parameters
🚀 Creating 8 parallel environments for faster training...
✅ Parallel environments created successfully!

🧪 Testing RL environment setup...
✅ Reset successful, obs shape: (8, 26)
   Testing with 8 parallel environments, actions shape: (8, 6)
❌ Environment test failed: 
Traceback (most recent call last):
  File "C:\Python313\Lib\multiprocessing\connection.py", line 328, in _recv_bytes
    nread, err = ov.GetOverlappedResult(True)
                 ~~~~~~~~~~~~~~~~~~~~~~^^^^^^
BrokenPipeError: [WinError 109] The pipe has been ended

During handling of the above exception, another exception occurred:

Traceback (most recent call last):
  File "C:\Users\eruku\Akshith\GENEVO2\rl_model.py", line 5006, in setup_rl_environment
    obs, reward, done, info = self.rl_env.step(actions)
                              ~~~~~~~~~~~~~~~~^^^^^^^^^
  File "C:\Users\eruku\AppData\Roaming\Python\Python313\site-packages\stable_baselines3\common\vec_env\base_vec_env.py", line 207, in step
    return self.step_wait()
           ~~~~~~~~~~~~~~^^
  File "C:\Users\eruku\AppData\Roaming\Python\Python313\site-packages\stable_baselines3\common\vec_env\subproc_vec_env.py", line 129, in step_wait
    results = [remote.recv() for remote in self.remotes]
               ~~~~~~~~~~~^^
  File "C:\Python313\Lib\multiprocessing\connection.py", line 250, in recv
    buf = self._recv_bytes()
  File "C:\Python313\Lib\multiprocessing\connection.py", line 337, in _recv_bytes
    raise EOFError
EOFError
✅ Advanced RL environment with proper variable classification created!
🎯 Training RL agents for 2000000 timesteps...
   Initializing DQN and PPO agents...
Using cpu device
      ❌ Agent initialization failed: The algorithm only supports (<class 'gymnasium.spaces.discrete.Discrete'>,) as action spaces but Box(-1.0, 1.0, (6,), float32) was provided

🤖 STAGE 2: Training Supervised Models for Feature Importance
🤖 Training supervised models for: signal_to_noise_ratio_SNR
============================================================
🔍 Validating data quality for model training...
📊 Feature matrix validation:
   Shape: (80, 10)
   Data types: {dtype('float64'): 10}
🎯 Target variables validation:
   signal_to_noise_ratio_SNR:
     Range: [2.5509, 10.6932]
     Mean: 7.5746
     Std: 2.4698
     Skewness: -0.5636
   false_negative_rate:
     Range: [0.0116, 0.0492]
     Mean: 0.0226
     Std: 0.0076
     Skewness: 0.8590
   time_to_detection_threshold:
     Range: [18.0905, 63.3166]
     Mean: 46.6960
     Std: 15.2485
     Skewness: -0.4836
   dynamic_range_of_output:
     Range: [6484.5886, 12985.9949]
     Mean: 10426.9106
     Std: 1517.1725
     Skewness: -0.2296
📏 Dataset size validation:
   Training samples: 80
   Features: 10
   Feature-to-sample ratio: 0.125

📋 Validation Summary:
⚠️  Warnings (1):
   • Small training set - consider regularization
🔄 Preparing data with scaling and transformation...
🧹 Cleaning data...
📊 Analyzing feature distributions...
   Feature skewness (avg): 0.404
   Outlier percentage: 2.38%
   Using StandardScaler for normal distribution
🎯 Processing target variables...

🔍 Processing signal_to_noise_ratio_SNR...
   📈 Transformation results for signal_to_noise_ratio_SNR:
      Box-Cox: Score=11.63, Skew: -0.553→-0.319
      Log1p: Score=10.20, Skew: -0.553→-0.964
      None: Score=10.00, Skew: -0.553→-0.553
   ✅ Selected: Box-Cox
      Using StandardScaler for target

🔍 Processing false_negative_rate...
   Found 1 outliers in false_negative_rate, capping them
   📈 Transformation results for false_negative_rate:
      Box-Cox: Score=33.92, Skew: 0.700→0.007
      RobustScale: Score=10.00, Skew: 0.700→0.700
      Yeo-Johnson: Score=8.69, Skew: 0.700→0.087
   ✅ Selected: Box-Cox
      Using StandardScaler for target

🔍 Processing time_to_detection_threshold...
   ⚠️ Transformation doesn't significantly improve skewness, using original
      Original skew: 0.474, Transformed: 0.812
      Using StandardScaler for target

🔍 Processing dynamic_range_of_output...
   ⚠️ Transformation doesn't significantly improve skewness, using original
      Original skew: 0.225, Transformed: 0.225
      Using RobustScaler for target

✅ Data preparation complete!
   Features scaled: 10
   Targets processed: 4
   Transformations applied: 3
🔧 Creating enhanced features...
   Creating statistical features...
   Creating feature interactions...
   Creating domain-specific features...
   Added 20 new features (removed 0 low-variance)
   Creating statistical features...
   Creating feature interactions...
   Creating domain-specific features...
   Added 20 new features (removed 0 low-variance)
   Enhanced features: 30 (was 10)

📊 Target Analysis for 'signal_to_noise_ratio_SNR':
   Training samples: 80
   Range: [2.550912, 10.693225]
   Mean ± Std: 7.574550 ± 2.469774
   Median: 8.679948
   Skewness: -0.5636
   Missing values: 0
   Target variance: 6.099786

🏋️ Training XGBoost...
----------------------------------------
   Fold 1/5
   Tuning XGBoost with low complexity for 64 samples, 30 features
      R²: 0.9592, RMSE: 0.5731, Norm MSE: 0.0408
   Fold 2/5
   Tuning XGBoost with low complexity for 64 samples, 30 features
      R²: 0.9619, RMSE: 0.4611, Norm MSE: 0.0381
   Fold 3/5
   Tuning XGBoost with low complexity for 64 samples, 30 features
      R²: 0.8710, RMSE: 0.8618, Norm MSE: 0.1290
   Fold 4/5
   Tuning XGBoost with low complexity for 64 samples, 30 features
      R²: 0.9271, RMSE: 0.4510, Norm MSE: 0.0729
   Fold 5/5
   Tuning XGBoost with low complexity for 64 samples, 30 features
      R²: 0.9114, RMSE: 0.7686, Norm MSE: 0.0886
   📊 CV Results:
      Validation R²: 0.9261 ± 0.0336
      Validation RMSE: 0.6231 ± 0.1652
      Validation Norm MSE: 0.0739 ± 0.0336
      Validation MAE: 0.4276 ± 0.1055
   🎯 Training final model on full dataset...
   Tuning XGBoost with low complexity for 80 samples, 30 features
   ⚠️ Supervised model training failed: feature_names mismatch: ['receptor_binding_affinity_Kd', 'signal_amplification_factor', 'transcriptional_promoter_strength', 'feedback_presence', 'feedback_strength', 'circuit_cellular_burden', 'sclerostin_concentration', 'dkk1_concentration', 'local_pH', 'mechanical_loading', 'feature_mean', 'feature_std', 'feature_median', 'feature_max', 'feature_min', 'feature_range', 'feature_skew', 'feedback_presence_x_feedback_strength', 'feedback_presence_div_feedback_strength', 'signal_amplification_factor_x_circuit_cellular_burden', 'signal_amplification_factor_div_circuit_cellular_burden', 'feedback_strength_x_circuit_cellular_burden', 'feedback_strength_div_circuit_cellular_burden', 'feedback_presence_x_circuit_cellular_burden', 'feedback_presence_div_circuit_cellular_burden', 'transcriptional_promoter_strength_x_circuit_cellular_burden', 'transcriptional_promoter_strength_div_circuit_cellular_burden', 'feedback_sum', 'feedback_mean', 'feedback_std'] ['receptor_binding_affinity_Kd', 'signal_amplification_factor', 'transcriptional_promoter_strength', 'feedback_presence', 'feedback_strength', 'circuit_cellular_burden', 'sclerostin_concentration', 'dkk1_concentration', 'local_pH', 'mechanical_loading', 'feature_mean', 'feature_std', 'feature_median', 'feature_max', 'feature_min', 'feature_range', 'feature_skew', 'feedback_presence_x_feedback_strength', 'feedback_presence_div_feedback_strength', 'signal_amplification_factor_x_circuit_cellular_burden', 'signal_amplification_factor_div_circuit_cellular_burden', 'feedback_presence_x_circuit_cellular_burden', 'feedback_presence_div_circuit_cellular_burden', 'feedback_strength_x_circuit_cellular_burden', 'feedback_strength_div_circuit_cellular_burden', 'transcriptional_promoter_strength_x_circuit_cellular_burden', 'transcriptional_promoter_strength_div_circuit_cellular_burden', 'feedback_sum', 'feedback_mean', 'feedback_std']

STAGE 5: Sclerostin Biosensor Analysis
⚠️  No feature importance data available. Training a model to generate it...
🤖 Training supervised models for: signal_to_noise_ratio_SNR
============================================================
🔍 Validating data quality for model training...
📊 Feature matrix validation:
   Shape: (80, 10)
   Data types: {dtype('float64'): 10}
🎯 Target variables validation:
   signal_to_noise_ratio_SNR:
     Range: [2.5509, 10.6932]
     Mean: 7.5746
     Std: 2.4698
     Skewness: -0.5636
   false_negative_rate:
     Range: [0.0116, 0.0492]
     Mean: 0.0226
     Std: 0.0076
     Skewness: 0.8590
   time_to_detection_threshold:
     Range: [18.0905, 63.3166]
     Mean: 46.6960
     Std: 15.2485
     Skewness: -0.4836
   dynamic_range_of_output:
     Range: [6484.5886, 12985.9949]
     Mean: 10426.9106
     Std: 1517.1725
     Skewness: -0.2296
📏 Dataset size validation:
   Training samples: 80
   Features: 10
   Feature-to-sample ratio: 0.125

📋 Validation Summary:
⚠️  Warnings (1):
   • Small training set - consider regularization
🔄 Preparing data with scaling and transformation...
🧹 Cleaning data...
📊 Analyzing feature distributions...
   Feature skewness (avg): 0.404
   Outlier percentage: 2.38%
   Using StandardScaler for normal distribution
🎯 Processing target variables...

🔍 Processing signal_to_noise_ratio_SNR...
   📈 Transformation results for signal_to_noise_ratio_SNR:
      Box-Cox: Score=11.63, Skew: -0.553→-0.319
      Log1p: Score=10.20, Skew: -0.553→-0.964
      None: Score=10.00, Skew: -0.553→-0.553
   ✅ Selected: Box-Cox
      Using StandardScaler for target

🔍 Processing false_negative_rate...
   Found 1 outliers in false_negative_rate, capping them
   📈 Transformation results for false_negative_rate:
      Box-Cox: Score=33.92, Skew: 0.700→0.007
      RobustScale: Score=10.00, Skew: 0.700→0.700
      Yeo-Johnson: Score=8.69, Skew: 0.700→0.087
   ✅ Selected: Box-Cox
      Using StandardScaler for target

🔍 Processing time_to_detection_threshold...
   ⚠️ Transformation doesn't significantly improve skewness, using original
      Original skew: 0.474, Transformed: 0.812
      Using StandardScaler for target

🔍 Processing dynamic_range_of_output...
   ⚠️ Transformation doesn't significantly improve skewness, using original
      Original skew: 0.225, Transformed: 0.225
      Using RobustScaler for target

✅ Data preparation complete!
   Features scaled: 10
   Targets processed: 4
   Transformations applied: 3
🔧 Creating enhanced features...
   Creating statistical features...
   Creating feature interactions...
   Creating domain-specific features...
   Added 20 new features (removed 0 low-variance)
   Creating statistical features...
   Creating feature interactions...
   Creating domain-specific features...
   Added 20 new features (removed 0 low-variance)
   Enhanced features: 30 (was 10)

📊 Target Analysis for 'signal_to_noise_ratio_SNR':
   Training samples: 80
   Range: [2.550912, 10.693225]
   Mean ± Std: 7.574550 ± 2.469774
   Median: 8.679948
   Skewness: -0.5636
   Missing values: 0
   Target variance: 6.099786

🏋️ Training XGBoost...
----------------------------------------
   Fold 1/5
   Tuning XGBoost with low complexity for 64 samples, 30 features
      R²: 0.9592, RMSE: 0.5731, Norm MSE: 0.0408
   Fold 2/5
   Tuning XGBoost with low complexity for 64 samples, 30 features
      R²: 0.9619, RMSE: 0.4611, Norm MSE: 0.0381
   Fold 3/5
   Tuning XGBoost with low complexity for 64 samples, 30 features
      R²: 0.8710, RMSE: 0.8618, Norm MSE: 0.1290
   Fold 4/5
   Tuning XGBoost with low complexity for 64 samples, 30 features
      R²: 0.9271, RMSE: 0.4510, Norm MSE: 0.0729
   Fold 5/5
   Tuning XGBoost with low complexity for 64 samples, 30 features
      R²: 0.9114, RMSE: 0.7686, Norm MSE: 0.0886
   📊 CV Results:
      Validation R²: 0.9261 ± 0.0336
      Validation RMSE: 0.6231 ± 0.1652
      Validation Norm MSE: 0.0739 ± 0.0336
      Validation MAE: 0.4276 ± 0.1055
   🎯 Training final model on full dataset...
   Tuning XGBoost with low complexity for 80 samples, 30 features
❌ Failed to generate feature importance: feature_names mismatch: ['receptor_binding_affinity_Kd', 'signal_amplification_factor', 'transcriptional_promoter_strength', 'feedback_presence', 'feedback_strength', 'circuit_cellular_burden', 'sclerostin_concentration', 'dkk1_concentration', 'local_pH', 'mechanical_loading', 'feature_mean', 'feature_std', 'feature_median', 'feature_max', 'feature_min', 'feature_range', 'feature_skew', 'feedback_presence_x_feedback_strength', 'feedback_presence_div_feedback_strength', 'signal_amplification_factor_x_circuit_cellular_burden', 'signal_amplification_factor_div_circuit_cellular_burden', 'feedback_strength_x_circuit_cellular_burden', 'feedback_strength_div_circuit_cellular_burden', 'feedback_presence_x_circuit_cellular_burden', 'feedback_presence_div_circuit_cellular_burden', 'transcriptional_promoter_strength_x_circuit_cellular_burden', 'transcriptional_promoter_strength_div_circuit_cellular_burden', 'feedback_sum', 'feedback_mean', 'feedback_std'] ['receptor_binding_affinity_Kd', 'signal_amplification_factor', 'transcriptional_promoter_strength', 'feedback_presence', 'feedback_strength', 'circuit_cellular_burden', 'sclerostin_concentration', 'dkk1_concentration', 'local_pH', 'mechanical_loading', 'feature_mean', 'feature_std', 'feature_median', 'feature_max', 'feature_min', 'feature_range', 'feature_skew', 'feedback_presence_x_feedback_strength', 'feedback_presence_div_feedback_strength', 'signal_amplification_factor_x_circuit_cellular_burden', 'signal_amplification_factor_div_circuit_cellular_burden', 'feedback_presence_x_circuit_cellular_burden', 'feedback_presence_div_circuit_cellular_burden', 'feedback_strength_x_circuit_cellular_burden', 'feedback_strength_div_circuit_cellular_burden', 'transcriptional_promoter_strength_x_circuit_cellular_burden', 'transcriptional_promoter_strength_div_circuit_cellular_burden', 'feedback_sum', 'feedback_mean', 'feedback_std']
âœ… Sclerostin correlation matrix saved
âœ… Sclerostin-specific visualizations completed

💾 Saving Results & Best Models
💾 Saving best models only...
   ✅ Saved PyTorch model: sclerostin_biosensor_results_None\best_models\best_signal_to_noise_ratio_SNR_model.pth
   ✅ Saved PyTorch model: sclerostin_biosensor_results_None\best_models\best_time_to_detection_threshold_model.pth
   ✅ Saved sklearn model: sclerostin_biosensor_results_None\best_models\best_dynamic_range_of_output_model.pkl
   ✅ Saved physics-based predictor config: sclerostin_biosensor_results_None\best_models\best_false_negative_rate_model.pkl
      (Component models saved separately)
✅ Best models saved to: sclerostin_biosensor_results_None\best_models
✅ Results summary saved to sclerostin_biosensor_results_None\results\results_summary.json

✅ PIPELINE COMPLETED SUCCESSFULLY!
==================================================
📁 All results saved to: sclerostin_biosensor_results_None
📊 Plots saved to: sclerostin_biosensor_results_None\plots
🤖 Models saved to: sclerostin_biosensor_results_None\models
📋 Results saved to: sclerostin_biosensor_results_None\results
✅ None analysis completed successfully!
   🤖 Best Model Performance:
📁 Results saved to: sclerostin_biosensor_results_None
----------------------------------------

============================================================
🎉 AUTOMATED ANALYSIS COMPLETE!
============================================================

📊 OVERALL SUMMARY:
   Total biomarkers: 1
   Successful: 1
   Failed: 0

✅ Successfully analyzed:
   - None

📁 All results saved in respective directories:
   - sclerostin_biosensor_results_None/

🎯 Analysis complete! Check individual directories for detailed results.
