2025-12-08 21:33:56,117 - bone_biosensor - INFO - logging_config.py:56 - Logging to file: logs\simulation_20251208_213356.log
2025-12-08 21:33:56,117 - bone_biosensor - INFO - main.py:212 - ================================================================================
2025-12-08 21:33:56,118 - bone_biosensor - INFO - main.py:213 - Bone Biosensor Simulation Framework
2025-12-08 21:33:56,118 - bone_biosensor - INFO - main.py:214 - ================================================================================
2025-12-08 21:33:56,118 - bone_biosensor - INFO - main.py:215 - Configuration:
2025-12-08 21:33:56,119 - bone_biosensor - INFO - main.py:216 -   Simulations: 1000
2025-12-08 21:33:56,119 - bone_biosensor - INFO - main.py:217 -   Duration: 3600.0s
2025-12-08 21:33:56,119 - bone_biosensor - INFO - main.py:218 -   Points: 361
2025-12-08 21:33:56,120 - bone_biosensor - INFO - main.py:219 -   Output: data
2025-12-08 21:33:56,120 - bone_biosensor - INFO - main.py:220 -   Seed: None
2025-12-08 21:33:56,120 - bone_biosensor - INFO - main.py:221 - ================================================================================
2025-12-08 21:33:56,120 - bone_biosensor - INFO - main.py:225 - Creating Antimony model...
2025-12-08 21:33:56,122 - bone_biosensor - INFO - main.py:227 - Model created: models\bone_environment.ant
2025-12-08 21:33:56,122 - bone_biosensor - INFO - main.py:230 - Initializing dataset generator...
2025-12-08 21:33:56,258 - bone_biosensor - INFO - main.py:238 - Starting dataset generation...
2025-12-08 21:34:03,822 - bone_biosensor - INFO - main.py:246 - ================================================================================
2025-12-08 21:34:03,822 - bone_biosensor - INFO - main.py:247 - Dataset Generation Complete!
2025-12-08 21:34:03,823 - bone_biosensor - INFO - main.py:248 - ================================================================================
2025-12-08 21:34:03,823 - bone_biosensor - INFO - main.py:249 - Total simulations: 1000
2025-12-08 21:34:03,823 - bone_biosensor - INFO - main.py:250 - 
Scenario distribution:
2025-12-08 21:34:03,824 - bone_biosensor - INFO - main.py:251 - scenario
ckd_mbd    342
pmo        340
healthy    318
Name: count, dtype: int64
2025-12-08 21:34:03,825 - bone_biosensor - INFO - main.py:252 - 
Biosensor type distribution:
2025-12-08 21:34:03,825 - bone_biosensor - INFO - main.py:253 - biosensor_type
amplifying        269
ratiometric       258
threshold         245
direct_binding    228
Name: count, dtype: int64
2025-12-08 21:34:03,826 - bone_biosensor - INFO - main.py:254 - 
Noise preset distribution:
2025-12-08 21:34:03,826 - bone_biosensor - INFO - main.py:255 - noise_preset
medium    500
high      281
low       219
Name: count, dtype: int64
2025-12-08 21:34:03,827 - bone_biosensor - INFO - main.py:256 - 
SNR statistics:
2025-12-08 21:34:03,828 - bone_biosensor - INFO - main.py:257 - count    1000.000000
mean       17.908403
std         7.876106
min        -6.356838
25%        13.135536
50%        18.150914
75%        20.693527
max        33.663936
Name: snr_db, dtype: float64
2025-12-08 21:34:03,830 - bone_biosensor - INFO - main.py:258 - ================================================================================
