2025-12-08 21:46:22,961 - bone_biosensor - INFO - logging_config.py:56 - Logging to file: logs\simulation_20251208_214622.log
2025-12-08 21:46:22,962 - bone_biosensor - INFO - main.py:212 - ================================================================================
2025-12-08 21:46:22,962 - bone_biosensor - INFO - main.py:213 - Bone Biosensor Simulation Framework
2025-12-08 21:46:22,962 - bone_biosensor - INFO - main.py:214 - ================================================================================
2025-12-08 21:46:22,962 - bone_biosensor - INFO - main.py:215 - Configuration:
2025-12-08 21:46:22,963 - bone_biosensor - INFO - main.py:216 -   Simulations: 5000
2025-12-08 21:46:22,963 - bone_biosensor - INFO - main.py:217 -   Duration: 3600.0s
2025-12-08 21:46:22,963 - bone_biosensor - INFO - main.py:218 -   Points: 361
2025-12-08 21:46:22,963 - bone_biosensor - INFO - main.py:219 -   Output: data
2025-12-08 21:46:22,963 - bone_biosensor - INFO - main.py:220 -   Seed: 42
2025-12-08 21:46:22,963 - bone_biosensor - INFO - main.py:221 - ================================================================================
2025-12-08 21:46:22,963 - bone_biosensor - INFO - main.py:225 - Creating Antimony model...
2025-12-08 21:46:22,964 - bone_biosensor - INFO - main.py:227 - Model created: models\bone_environment.ant
2025-12-08 21:46:22,964 - bone_biosensor - INFO - main.py:230 - Initializing dataset generator...
2025-12-08 21:46:23,177 - bone_biosensor - INFO - main.py:238 - Starting dataset generation...
2025-12-08 21:48:05,072 - bone_biosensor - INFO - main.py:246 - ================================================================================
2025-12-08 21:48:05,072 - bone_biosensor - INFO - main.py:247 - Dataset Generation Complete!
2025-12-08 21:48:05,072 - bone_biosensor - INFO - main.py:248 - ================================================================================
2025-12-08 21:48:05,072 - bone_biosensor - INFO - main.py:249 - Total simulations: 5000
2025-12-08 21:48:05,073 - bone_biosensor - INFO - main.py:250 - 
Scenario distribution:
2025-12-08 21:48:05,087 - bone_biosensor - INFO - main.py:251 - scenario
pmo        1696
ckd_mbd    1672
healthy    1632
Name: count, dtype: int64
2025-12-08 21:48:05,090 - bone_biosensor - INFO - main.py:252 - 
Biosensor type distribution:
2025-12-08 21:48:05,092 - bone_biosensor - INFO - main.py:253 - biosensor_type
amplifying        1284
threshold         1256
ratiometric       1237
direct_binding    1223
Name: count, dtype: int64
2025-12-08 21:48:05,094 - bone_biosensor - INFO - main.py:254 - 
Noise preset distribution:
2025-12-08 21:48:05,095 - bone_biosensor - INFO - main.py:255 - noise_preset
medium    2525
high      1496
low        979
Name: count, dtype: int64
2025-12-08 21:48:05,096 - bone_biosensor - INFO - main.py:256 - 
SNR statistics:
2025-12-08 21:48:05,107 - bone_biosensor - INFO - main.py:257 - count    5000.000000
mean       17.412678
std         7.969670
min        -6.430910
25%        12.744165
50%        17.910865
75%        20.560613
max        33.513088
Name: snr_db, dtype: float64
2025-12-08 21:48:05,110 - bone_biosensor - INFO - main.py:258 - ================================================================================
